<?xml version="1.0" encoding="UTF-8"?>
<!-- Generated by org.testng.reporters.JUnitReportReporter -->
<testsuite hostname="DESKTOP-H29UQ49" failures="0" tests="1" name="org.cura.tests.VerifyLoginWithValidCredentials" time="5.473" errors="0" timestamp="2024-11-11T04:34:46 IST" skipped="0">
  <testcase classname="org.cura.tests.VerifyLoginWithValidCredentials" name="loginTest" time="5.473"/>
  <system-out/>
</testsuite> <!-- org.cura.tests.VerifyLoginWithValidCredentials -->
