<?xml version="1.0" encoding="UTF-8"?>
<!-- Generated by org.testng.reporters.JUnitReportReporter -->
<testsuite hostname="DESKTOP-H29UQ49" failures="0" tests="7" name="org.cura.dataprovider.SampleClass" time="0.029" errors="0" timestamp="2024-11-09T01:19:28 IST" skipped="0">
  <testcase classname="org.cura.dataprovider.SampleClass" name="test1" time="0.001"/>
  <system-out/>
  <testcase classname="org.cura.dataprovider.SampleClass" name="test1" time="0.016"/>
  <system-out/>
  <testcase classname="org.cura.dataprovider.SampleClass" name="test2" time="0.003"/>
  <system-out/>
  <testcase classname="org.cura.dataprovider.SampleClass" name="test1" time="0.001"/>
  <system-out/>
  <testcase classname="org.cura.dataprovider.SampleClass" name="test1" time="0.002"/>
  <system-out/>
  <testcase classname="org.cura.dataprovider.SampleClass" name="test2" time="0.002"/>
  <system-out/>
  <testcase classname="org.cura.dataprovider.SampleClass" name="test1" time="0.004"/>
  <system-out/>
</testsuite> <!-- org.cura.dataprovider.SampleClass -->
