<?xml version="1.0" encoding="UTF-8"?>
<!-- Generated by org.testng.reporters.JUnitReportReporter -->
<testsuite hostname="DESKTOP-H29UQ49" failures="0" tests="2" name="org.cura.tests.LoginPageTest" time="12.021" errors="0" timestamp="2024-11-11T04:08:34 IST" skipped="0">
  <testcase classname="org.cura.tests.LoginPageTest" name="LoginTest" time="6.322"/>
  <system-out/>
  <testcase classname="org.cura.tests.LoginPageTest" name="LoginTest" time="5.699"/>
  <system-out/>
</testsuite> <!-- org.cura.tests.LoginPageTest -->
