<?xml version="1.0" encoding="UTF-8"?>
<!-- Generated by org.testng.reporters.JUnitReportReporter -->
<testsuite hostname="DESKTOP-H29UQ49" failures="0" tests="1" name="org.cura.tests.VerifyLoginWithInvalidCredentials" time="9.247" errors="0" timestamp="2024-11-22T21:42:14 IST" skipped="0">
  <testcase classname="org.cura.tests.VerifyLoginWithInvalidCredentials" name="loginWithInvalidCredentials" time="9.247"/>
  <system-out/>
</testsuite> <!-- org.cura.tests.VerifyLoginWithInvalidCredentials -->
