<?xml version="1.0" encoding="UTF-8"?>
<!-- Generated by org.testng.reporters.JUnitReportReporter -->
<testsuite hostname="DESKTOP-H29UQ49" failures="0" tests="1" name="org.cura.tests.AppoinmentHistory" time="12.045" errors="0" timestamp="2024-11-22T23:27:52 IST" skipped="0">
  <testcase classname="org.cura.tests.AppoinmentHistory" name="verifyAppoinmentHistory" time="12.045"/>
  <system-out/>
</testsuite> <!-- org.cura.tests.AppoinmentHistory -->
