<?xml version="1.0" encoding="UTF-8"?>
<!-- Generated by org.testng.reporters.JUnitReportReporter -->
<testsuite hostname="DESKTOP-H29UQ49" failures="0" tests="3" name="org.cura.dataprovider.DataProviderWithExcel" time="0.032" errors="0" timestamp="2024-11-08T02:45:32 IST" skipped="0">
  <testcase classname="org.cura.dataprovider.DataProviderWithExcel" name="test" time="0.025"/>
  <system-out/>
  <testcase classname="org.cura.dataprovider.DataProviderWithExcel" name="test" time="0.004"/>
  <system-out/>
  <testcase classname="org.cura.dataprovider.DataProviderWithExcel" name="test" time="0.003"/>
  <system-out/>
</testsuite> <!-- org.cura.dataprovider.DataProviderWithExcel -->
