<?xml version="1.0" encoding="UTF-8"?>
<!-- Generated by org.testng.reporters.JUnitReportReporter -->
<testsuite hostname="DESKTOP-H29UQ49" failures="0" tests="1" name="org.cura.tests.AppoinmentBooking" time="9.879" errors="0" timestamp="2024-11-22T22:05:16 IST" skipped="0">
  <testcase classname="org.cura.tests.AppoinmentBooking" name="verifyUserCanBookAppoinment" time="9.879"/>
  <system-out/>
</testsuite> <!-- org.cura.tests.AppoinmentBooking -->
